\BOOKMARK [0][-]{chapter.1}{\376\377\000A\000c\000k\000n\000o\000w\000l\000e\000d\000g\000e\000m\000e\000n\000t\000s}{}% 1
\BOOKMARK [0][-]{chapter.2}{\376\377\000P\000r\000o\000j\000e\000c\000t\000\040\000O\000v\000e\000r\000v\000i\000e\000w}{}% 2
\BOOKMARK [0][-]{chapter.3}{\376\377\000A\000b\000s\000t\000r\000a\000c\000t}{}% 3
\BOOKMARK [0][-]{chapter.4}{\376\377\000I\000n\000t\000r\000o\000d\000u\000c\000t\000i\000o\000n}{}% 4
\BOOKMARK [0][-]{chapter.5}{\376\377\000T\000h\000e\000\040\000n\000a\000t\000i\000o\000n\000a\000l\000\040\000c\000u\000r\000r\000i\000c\000u\000l\000u\000m}{}% 5
\BOOKMARK [1][-]{section.5.1}{\376\377\000O\000v\000e\000r\000v\000i\000e\000w}{chapter.5}% 6
\BOOKMARK [1][-]{section.5.2}{\376\377\000K\000e\000y\000\040\000S\000t\000a\000g\000e\000\040\0003\000\040\000\050\000K\000S\0003\000\051}{chapter.5}% 7
\BOOKMARK [1][-]{section.5.3}{\376\377\000K\000e\000y\000\040\000S\000t\000a\000g\000e\000\040\0004\000\040\000\050\000K\000S\0004\000\051}{chapter.5}% 8
\BOOKMARK [1][-]{section.5.4}{\376\377\000K\000e\000y\000\040\000S\000t\000a\000g\000e\000\040\0005\000\040\000\050\000K\000S\0005\000\051}{chapter.5}% 9
\BOOKMARK [0][-]{chapter.6}{\376\377\000L\000i\000t\000e\000r\000a\000t\000u\000r\000e\000\040\000R\000e\000v\000i\000e\000w}{}% 10
\BOOKMARK [1][-]{section.6.1}{\376\377\000R\000e\000s\000e\000a\000r\000c\000h\000i\000n\000g\000\040\000P\000e\000d\000a\000g\000o\000g\000y}{chapter.6}% 11
\BOOKMARK [1][-]{section.6.2}{\376\377\000G\000o\000o\000d\000\040\000t\000e\000a\000c\000h\000i\000n\000g\000\040\000p\000r\000a\000c\000t\000i\000c\000e}{chapter.6}% 12
\BOOKMARK [1][-]{section.6.3}{\376\377\000D\000i\000f\000f\000e\000r\000e\000n\000t\000\040\000t\000e\000a\000c\000h\000i\000n\000g\000\040\000m\000e\000t\000h\000o\000d\000s}{chapter.6}% 13
\BOOKMARK [1][-]{section.6.4}{\376\377\000P\000r\000e\000s\000e\000n\000t\000a\000t\000i\000o\000n}{chapter.6}% 14
\BOOKMARK [1][-]{section.6.5}{\376\377\000P\000e\000d\000a\000g\000o\000g\000y\000\040\000-\000\040\000p\000r\000o\000f\000e\000s\000s\000i\000o\000n\000\040\000o\000f\000\040\000t\000e\000a\000c\000h\000i\000n\000g}{chapter.6}% 15
\BOOKMARK [0][-]{chapter.7}{\376\377\000C\000o\000m\000m\000u\000n\000i\000c\000a\000t\000i\000n\000g\000\040\000M\000a\000t\000h\000e\000m\000a\000t\000i\000c\000s}{}% 16
\BOOKMARK [1][-]{section.7.1}{\376\377\000P\000r\000e\000p\000a\000r\000a\000t\000i\000o\000n\000\040\000o\000f\000\040\000c\000o\000m\000m\000u\000n\000i\000c\000a\000t\000i\000o\000n}{chapter.7}% 17
\BOOKMARK [1][-]{section.7.2}{\376\377\000M\000a\000k\000i\000n\000g\000\040\000a\000\040\000p\000r\000e\000s\000e\000n\000t\000a\000t\000i\000o\000n}{chapter.7}% 18
\BOOKMARK [1][-]{section.7.3}{\376\377\000R\000e\000a\000l\000i\000s\000a\000t\000i\000o\000n\000\040\000o\000f\000\040\000o\000t\000h\000e\000r\000\040\000t\000h\000i\000n\000g\000s\000\040\000t\000o\000\040\000p\000r\000e\000p\000a\000r\000e}{chapter.7}% 19
\BOOKMARK [1][-]{section.7.4}{\376\377\000P\000r\000a\000c\000t\000i\000c\000e\000\040\000c\000o\000m\000m\000u\000n\000i\000c\000a\000t\000i\000o\000n}{chapter.7}% 20
\BOOKMARK [1][-]{section.7.5}{\376\377\000R\000e\000f\000l\000e\000c\000t\000i\000o\000n\000s}{chapter.7}% 21
\BOOKMARK [0][-]{chapter.8}{\376\377\000C\000o\000m\000m\000u\000n\000i\000c\000a\000t\000i\000n\000g\000\040\000D\000a\000t\000a\000\040\000S\000c\000i\000e\000n\000c\000e}{}% 22
\BOOKMARK [1][-]{section.8.1}{\376\377\000F\000o\000r\000m\000\040\000o\000f\000\040\000c\000o\000m\000m\000u\000n\000i\000c\000a\000t\000i\000o\000n}{chapter.8}% 23
\BOOKMARK [1][-]{section.8.2}{\376\377\000U\000n\000d\000e\000r\000s\000t\000a\000n\000d\000\040\000h\000o\000w\000\040\000t\000o\000\040\000p\000r\000e\000s\000e\000n\000t\000\040\000a\000\040\000b\000l\000o\000g\000\040\000p\000o\000s\000t}{chapter.8}% 24
\BOOKMARK [1][-]{section.8.3}{\376\377\000P\000r\000e\000p\000a\000r\000a\000t\000i\000o\000n\000\040\000o\000f\000\040\000a\000\040\000b\000l\000o\000g\000\040\000p\000o\000s\000t}{chapter.8}% 25
\BOOKMARK [1][-]{section.8.4}{\376\377\000M\000a\000k\000i\000n\000g\000\040\000t\000h\000e\000\040\000b\000l\000o\000g\000\040\000p\000o\000s\000t}{chapter.8}% 26
\BOOKMARK [1][-]{section.8.5}{\376\377\000R\000e\000f\000l\000e\000c\000t\000i\000o\000n\000s}{chapter.8}% 27
\BOOKMARK [0][-]{chapter.9}{\376\377\000P\000r\000o\000j\000e\000c\000t\000\040\000F\000i\000n\000d\000i\000n\000g\000s}{}% 28
\BOOKMARK [0][-]{chapter.10}{\376\377\000C\000o\000n\000c\000l\000u\000s\000i\000o\000n\000s}{}% 29
\BOOKMARK [0][-]{appendix.A}{\376\377\000A\000p\000p\000e\000n\000d\000i\000x}{}% 30
\BOOKMARK [1][-]{section.A.1}{\376\377\000D\000e\000t\000a\000i\000l\000e\000d\000\040\000H\000a\000n\000d\000o\000v\000e\000r}{appendix.A}% 31
\BOOKMARK [1][-]{section.A.2}{\376\377\000L\000e\000s\000s\000o\000n\000\040\000P\000l\000a\000n}{appendix.A}% 32
\BOOKMARK [1][-]{section.A.3}{\376\377\000H\000a\000n\000d\000o\000u\000t\000\040\000s\000h\000e\000e\000t\000s}{appendix.A}% 33
\BOOKMARK [1][-]{section.A.4}{\376\377\000P\000r\000e\000s\000e\000n\000t\000a\000t\000i\000o\000n}{appendix.A}% 34
\BOOKMARK [1][-]{section.A.5}{\376\377\000P\000r\000e\000s\000e\000n\000t\000a\000t\000i\000o\000n\000\040\000v\000i\000d\000e\000o}{appendix.A}% 35
\BOOKMARK [0][-]{appendix.B}{\376\377\000A\000n\000o\000t\000h\000e\000r\000\040\000A\000p\000p\000e\000n\000d\000i\000x}{}% 36
