\BOOKMARK [0][-]{chapter*.3}{\376\377\000P\000r\000o\000j\000e\000c\000t\000\040\000O\000v\000e\000r\000v\000i\000e\000w}{}% 1
\BOOKMARK [0][-]{chapter*.3}{\376\377\000A\000b\000s\000t\000r\000a\000c\000t}{}% 2
\BOOKMARK [0][-]{chapter.1}{\376\377\000I\000n\000t\000r\000o\000d\000u\000c\000t\000i\000o\000n}{}% 3
\BOOKMARK [0][-]{chapter.2}{\376\377\000L\000i\000t\000e\000r\000a\000t\000u\000r\000e\000\040\000R\000e\000v\000i\000e\000w}{}% 4
\BOOKMARK [1][-]{section.2.1}{\376\377\000R\000e\000s\000e\000a\000r\000c\000h\000i\000n\000g\000\040\000P\000e\000d\000a\000g\000o\000g\000y}{chapter.2}% 5
\BOOKMARK [1][-]{section.2.2}{\376\377\000G\000o\000o\000d\000\040\000t\000e\000a\000c\000h\000i\000n\000g\000\040\000p\000r\000a\000c\000t\000i\000c\000e}{chapter.2}% 6
\BOOKMARK [1][-]{section.2.3}{\376\377\000D\000i\000f\000f\000e\000r\000e\000n\000t\000\040\000t\000e\000a\000c\000h\000i\000n\000g\000\040\000m\000e\000t\000h\000o\000d\000s}{chapter.2}% 7
\BOOKMARK [1][-]{section.2.4}{\376\377\000P\000r\000e\000s\000e\000n\000t\000a\000t\000i\000o\000n}{chapter.2}% 8
\BOOKMARK [1][-]{section.2.5}{\376\377\000P\000e\000d\000a\000g\000o\000g\000y\000\040\000-\000\040\000p\000r\000o\000f\000e\000s\000s\000i\000o\000n\000\040\000o\000f\000\040\000t\000e\000a\000c\000h\000i\000n\000g}{chapter.2}% 9
\BOOKMARK [0][-]{chapter.3}{\376\377\000T\000h\000e\000\040\000N\000a\000t\000i\000o\000n\000a\000l\000\040\000C\000u\000r\000r\000i\000c\000u\000l\000u\000m}{}% 10
\BOOKMARK [1][-]{section.3.1}{\376\377\000O\000v\000e\000r\000v\000i\000e\000w}{chapter.3}% 11
\BOOKMARK [1][-]{section.3.2}{\376\377\000K\000e\000y\000\040\000S\000t\000a\000g\000e\000\040\0003\000\040\000\050\000K\000S\0003\000\051}{chapter.3}% 12
\BOOKMARK [1][-]{section.3.3}{\376\377\000K\000e\000y\000\040\000S\000t\000a\000g\000e\000\040\0004\000\040\000\050\000K\000S\0004\000\051}{chapter.3}% 13
\BOOKMARK [1][-]{section.3.4}{\376\377\000K\000e\000y\000\040\000S\000t\000a\000g\000e\000\040\0005\000\040\000\050\000K\000S\0005\000\051}{chapter.3}% 14
\BOOKMARK [0][-]{chapter.4}{\376\377\000C\000o\000m\000m\000u\000n\000i\000c\000a\000t\000i\000n\000g\000\040\000M\000a\000t\000h\000e\000m\000a\000t\000i\000c\000s}{}% 15
\BOOKMARK [1][-]{section.4.1}{\376\377\000T\000o\000p\000i\000c\000\040\000o\000f\000\040\000m\000a\000t\000h\000e\000m\000a\000t\000i\000c\000s}{chapter.4}% 16
\BOOKMARK [1][-]{section.4.2}{\376\377\000P\000r\000e\000p\000a\000r\000a\000t\000i\000o\000n\000\040\000o\000f\000\040\000c\000o\000m\000m\000u\000n\000i\000c\000a\000t\000i\000o\000n}{chapter.4}% 17
\BOOKMARK [1][-]{section.4.3}{\376\377\000M\000a\000k\000i\000n\000g\000\040\000a\000\040\000p\000r\000e\000s\000e\000n\000t\000a\000t\000i\000o\000n}{chapter.4}% 18
\BOOKMARK [1][-]{section.4.4}{\376\377\000R\000e\000a\000l\000i\000s\000a\000t\000i\000o\000n\000\040\000o\000f\000\040\000o\000t\000h\000e\000r\000\040\000t\000h\000i\000n\000g\000s\000\040\000t\000o\000\040\000p\000r\000e\000p\000a\000r\000e}{chapter.4}% 19
\BOOKMARK [1][-]{section.4.5}{\376\377\000P\000r\000a\000c\000t\000i\000c\000e\000\040\000c\000o\000m\000m\000u\000n\000i\000c\000a\000t\000i\000o\000n}{chapter.4}% 20
\BOOKMARK [1][-]{section.4.6}{\376\377\000R\000e\000f\000l\000e\000c\000t\000i\000o\000n\000s}{chapter.4}% 21
\BOOKMARK [0][-]{chapter.5}{\376\377\000C\000o\000m\000m\000u\000n\000i\000c\000a\000t\000i\000n\000g\000\040\000D\000a\000t\000a\000\040\000S\000c\000i\000e\000n\000c\000e}{}% 22
\BOOKMARK [1][-]{section.5.1}{\376\377\000F\000o\000r\000m\000\040\000o\000f\000\040\000c\000o\000m\000m\000u\000n\000i\000c\000a\000t\000i\000o\000n}{chapter.5}% 23
\BOOKMARK [1][-]{section.5.2}{\376\377\000U\000n\000d\000e\000r\000s\000t\000a\000n\000d\000\040\000h\000o\000w\000\040\000t\000o\000\040\000p\000r\000e\000s\000e\000n\000t\000\040\000a\000\040\000b\000l\000o\000g\000\040\000p\000o\000s\000t}{chapter.5}% 24
\BOOKMARK [1][-]{section.5.3}{\376\377\000P\000r\000e\000p\000a\000r\000a\000t\000i\000o\000n\000\040\000o\000f\000\040\000a\000\040\000b\000l\000o\000g\000\040\000p\000o\000s\000t}{chapter.5}% 25
\BOOKMARK [1][-]{section.5.4}{\376\377\000M\000a\000k\000i\000n\000g\000\040\000t\000h\000e\000\040\000b\000l\000o\000g\000\040\000p\000o\000s\000t}{chapter.5}% 26
\BOOKMARK [1][-]{section.5.5}{\376\377\000R\000e\000f\000l\000e\000c\000t\000i\000o\000n\000s}{chapter.5}% 27
\BOOKMARK [0][-]{chapter.6}{\376\377\000C\000o\000n\000c\000l\000u\000s\000i\000o\000n\000s}{}% 28
\BOOKMARK [0][-]{chapter.6}{\376\377\000P\000r\000o\000j\000e\000c\000t\000\040\000R\000e\000f\000l\000e\000c\000t\000i\000o\000n\000s}{}% 29
\BOOKMARK [0][-]{chapter.6}{\376\377\000A\000c\000k\000n\000o\000w\000l\000e\000d\000g\000e\000m\000e\000n\000t\000s}{}% 30
\BOOKMARK [0][-]{chapter.6}{\376\377\000A\000p\000p\000e\000n\000d\000i\000x}{}% 31
\BOOKMARK [1][-]{section.Alph0.1}{\376\377\000D\000e\000t\000a\000i\000l\000e\000d\000\040\000H\000a\000n\000d\000o\000v\000e\000r}{chapter.6}% 32
\BOOKMARK [1][-]{section.Alph0.2}{\376\377\000L\000e\000s\000s\000o\000n\000\040\000P\000l\000a\000n}{chapter.6}% 33
\BOOKMARK [1][-]{section.Alph0.3}{\376\377\000H\000a\000n\000d\000o\000u\000t\000\040\000s\000h\000e\000e\000t\000s}{chapter.6}% 34
\BOOKMARK [1][-]{section.Alph0.4}{\376\377\000P\000r\000e\000s\000e\000n\000t\000a\000t\000i\000o\000n}{chapter.6}% 35
\BOOKMARK [1][-]{section.Alph0.5}{\376\377\000P\000r\000e\000s\000e\000n\000t\000a\000t\000i\000o\000n\000\040\000v\000i\000d\000e\000o}{chapter.6}% 36
